   441.000000000000     
   71.7750019119440     
  4.960150402326041E-002
  0.190806265967119     
  0.597663975065516     
   1.38434502169129     
   2.52818107157157     
   3.93559998989550     
   5.10422202815136     
   5.54416270952511     
   5.71194385456483     
   5.83748542436817     
   6.06331433618124     
   6.13563165294696     
   6.16498535596792     
   6.66324885855646     
   6.69602450554344     
   6.42561681696961     
   6.05994540110279     
   5.85174584802393     
   6.07178834354618     
   6.99170956061796     
   8.60454983566795     
   9.78376263143979     
   10.0526500622035     
   10.1652563710013     
   9.81149278592943     
   9.10279773944461     
   8.66524305814915     
   9.32111173407486     
   10.1781421191971     
   10.8516932520027     
   11.5238434841180     
   11.7103168097227     
   11.7283085260338     
   11.7236054965011     
   11.7440409754414     
   11.7487617919519     
   11.5547182238751     
   11.2124798700554     
   11.1501654417406     
   11.2007456546309     
   10.9167434981306     
   10.8472392434297     
   10.7659766554815     
   10.3387019883280     
   10.0817184674612     
   10.2386149825267     
   10.3069112728330     
   10.2652858947704     
   10.1835541685171     
   10.1566338959336     
   10.1162648659428     
   9.97724178900362     
   9.79810027453442     
   9.59445471117353     
   9.44554644494724     
   9.35665910049454     
   9.41934819673104     
   9.38426933409182     
   9.22891958709581     
   9.16435397492287     
   9.16823411150032     
   9.12297648640504     
   8.98886551842610     
   8.85403843151950     
   8.81305522846491     
   8.67233319219009     
   8.56051638985438     
   8.69603518160853     
   8.79736262886178     
   8.78065661816013     
   8.61620852329527     
   8.51006176795349     
   8.62029177585114     
   8.79280636223400     
   8.77357396248235     
   8.74751563720056     
   8.56261357145556     
   7.85949722334721     
   7.35028559934913     
   7.75425972384111     
   8.13562139561941     
   8.15530253168336     
   8.12904086841010     
   7.63072688312593     
   7.13586528972145     
   6.96386240497509     
   7.23907138611991     
   7.48143801517874     
   7.64224563825070     
   7.62919733212914     
   7.64516669837019     
   6.79570112386316     
   4.81644127810583     
   4.58993089894298     
   6.33258620324090     
   7.21660644904795     
   7.19572775135479     
   7.10998775244262     
   6.92690602557443     
   6.84480224073250     
   6.76070211819811     
   6.71827899329109     
   6.43601916611275     
   5.99717431864220     
   5.74569014902202     
   5.80902855822846     
   5.92373665839573     
   6.07986837676817     
   6.19998640163625     
   6.14992055529295     
   5.93972254625529     
   5.81732838711220     
   5.86306428059493     
   5.78748495374393     
   5.71929647869363     
   5.71360787264119     
   5.62335191737129     
   5.52731076229952     
   5.37318654947845     
   4.92700911998996     
   4.52775772377283     
   4.38573070155994     
   4.24096549799086     
   4.16373953536601     
   4.26638708206393     
   4.06330941913026     
   3.22565275863617     
   2.45805221183859     
   2.39227130981976     
   2.51329689168676     
   2.56187266479733     
   2.70152448370259     
   2.90764534991769     
   3.26177895039233     
   3.49473394653852     
   3.54809757085744     
   3.65014463115624     
   3.83870997002356     
   3.90086232847758     
   3.88569681764687     
   3.81428263749212     
   3.72063501722910     
   3.67976432508457     
   3.63159056491811     
   3.57453259956629     
   3.52529940283809     
   3.47365086982581     
   3.40587471782506     
   3.34612303423317     
   3.28253553977486     
   3.21771817109686     
   3.12509027558427     
   3.02291809740154     
   2.93473309920180     
   2.89640723977743     
   2.87982784389841     
   2.83602611927292     
   2.76233107244030     
   2.67198208033018     
   2.54064427656207     
   2.39999803252356     
   2.27798524701362     
   2.00815476580594     
   1.55477317313082     
   1.14755943854938     
  0.991536163343825     
  0.962449796184048     
   1.06585886682437     
   1.20094618397631     
   1.20072689350329     
   1.21491656804096     
   1.40702849507538     
   1.63023048529768     
   1.80881017404986     
   1.88457415938691     
   1.86436149784683     
   1.81155322781618     
   1.77129053579338     
   1.78365809729235     
   1.77366633355029     
   1.72012729024141     
   1.68151073646352     
   1.69711123212263     
   1.71490156769207     
   1.71232038807162     
   1.70099010956497     
   1.69311947688928     
   1.67423512284227     
   1.63794145189658     
   1.59261582663811     
   1.53441840697883     
   1.43726612641604     
   1.27622670964774     
   1.11702910898860     
   1.10216161839753     
   1.21365202382719     
   1.29945439276576     
   1.33696521013522     
   1.34748754829734     
   1.32353709897494     
   1.27201347904440     
   1.19601773759539     
   1.11604113220665     
   1.04131812914144     
  0.987418487628743     
  0.910070045175315     
  0.798395528509759     
  0.742747163990911     
  0.675930415298285     
  0.468561810711167     
  0.213396273651107     
  5.747889388576700E-002
  1.058153538744751E-002
  3.369305003147700E-003
  7.144952972280677E-003
  1.158471628820724E-002
  9.478424096525488E-003
  9.925865911614097E-003
  1.446154090706717E-002
  1.722819115738029E-002
  2.050868483356822E-002
  3.665583915586774E-002
  6.387232045296165E-002
  9.891005717780751E-002
  0.131479121260694     
  0.167532162858905     
  0.182319424876266     
  0.175101544217295     
  0.184036334621605     
  0.218320506594837     
  0.267616753285994     
  0.317568206866491     
  0.331619517473122     
  0.297357923383700     
  0.268760202955578     
  0.286208615507658     
  0.313524001415880     
  0.343302004253234     
  0.396232086608389     
  0.451787312218763     
  0.479972474395725     
  0.487388912506922     
  0.502823971567962     
  0.514347942910584     
  0.515250103935521     
  0.513995299382348     
  0.503380402793723     
  0.490910045018069     
  0.481136219891054     
  0.475073402266660     
  0.466426065203958     
  0.454219215106341     
  0.442942221479198     
  0.417753532228878     
  0.375137622260986     
  0.344967730857503     
  0.349025416369670     
  0.360303320335891     
  0.361446542994814     
  0.347360321937243     
  0.316273611866585     
  0.290536765574723     
  0.287972417522651     
  0.297001003277399     
  0.302074729951264     
  0.297649986518000     
  0.285732423491995     
  0.269011177076240     
  0.253420831775304     
  0.245844188569648     
  0.243934305864621     
  0.247244653416695     
  0.245892411235524     
  0.237382868563747     
  0.234612563904037     
  0.233608178595071     
  0.227923409841161     
  0.225259838898183     
  0.224956350820584     
  0.222138753405218     
  0.217627270835670     
  0.211503856254623     
  0.207335683269443     
  0.205160243175994     
  0.198854928637959     
  0.191996659456347     
  0.186929752244837     
  0.179852866964247     
  0.173827187554430     
  0.172046619359401     
  0.172466220716146     
  0.170703502617821     
  0.162802056769956     
  0.156622476589110     
  0.152471801164586     
  0.139290634864234     
  0.126180679859649     
  0.117841631448189     
  0.105230237755844     
  8.527046045855760E-002
  6.054261182764677E-002
  4.076251343588553E-002
  2.952616577686131E-002
  1.824338712945180E-002
  9.745929704410090E-003
  5.057651633702705E-003
  2.275856582812898E-003
  9.893683685012890E-004
  2.261379994540691E-004
  4.427828301332082E-004
  3.180684730851264E-004
  8.427343756816061E-004
  9.276352323201023E-004
  8.459049350287326E-004
  4.697682240529291E-004
